0 info it worked if it ends with ok
1 verbose cli [ 'node',
1 verbose cli   '/usr/local/bin/npm',
1 verbose cli   'install',
1 verbose cli   'grunt-build-control',
1 verbose cli   '--save-dev' ]
2 info using npm@1.4.28
3 info using node@v0.10.33
4 warn package.json myTtc@0.0.0 No description
5 warn package.json myTtc@0.0.0 No repository field.
6 verbose readDependencies using package.json deps
7 verbose cache add [ 'grunt-build-control', null ]
8 verbose cache add name=undefined spec="grunt-build-control" args=["grunt-build-control",null]
9 verbose parsed url { protocol: null,
9 verbose parsed url   slashes: null,
9 verbose parsed url   auth: null,
9 verbose parsed url   host: null,
9 verbose parsed url   port: null,
9 verbose parsed url   hostname: null,
9 verbose parsed url   hash: null,
9 verbose parsed url   search: null,
9 verbose parsed url   query: null,
9 verbose parsed url   pathname: 'grunt-build-control',
9 verbose parsed url   path: 'grunt-build-control',
9 verbose parsed url   href: 'grunt-build-control' }
10 silly lockFile 78a33528-grunt-build-control grunt-build-control
11 verbose lock grunt-build-control /Users/mikias/.npm/78a33528-grunt-build-control.lock
12 silly lockFile 78a33528-grunt-build-control grunt-build-control
13 silly lockFile 78a33528-grunt-build-control grunt-build-control
14 verbose addNamed [ 'grunt-build-control', '' ]
15 verbose addNamed [ null, '*' ]
16 silly lockFile 6fa7dc02-grunt-build-control grunt-build-control@
17 verbose lock grunt-build-control@ /Users/mikias/.npm/6fa7dc02-grunt-build-control.lock
18 silly addNameRange { name: 'grunt-build-control', range: '*', hasData: false }
19 verbose request where is /grunt-build-control
20 verbose request registry http://registry.npmjs.org/
21 verbose request id b8773bbb131ac437
22 verbose url raw /grunt-build-control
23 verbose url resolving [ 'http://registry.npmjs.org/', './grunt-build-control' ]
24 verbose url resolved http://registry.npmjs.org/grunt-build-control
25 verbose request where is http://registry.npmjs.org/grunt-build-control
26 info trying registry request attempt 1 at 15:20:00
27 verbose etag "2NNQL6ON45YCTN0RQVZGQCAKE"
28 http GET http://registry.npmjs.org/grunt-build-control
29 http 200 http://registry.npmjs.org/grunt-build-control
30 silly registry.get cb [ 200,
30 silly registry.get   { server: 'CouchDB/1.5.0 (Erlang OTP/R16B03)',
30 silly registry.get     etag: '"EHSQFVGM2X4D5463QN75AYSNX"',
30 silly registry.get     'content-type': 'application/json',
30 silly registry.get     'cache-control': 'max-age=60',
30 silly registry.get     'content-length': '35849',
30 silly registry.get     'accept-ranges': 'bytes',
30 silly registry.get     date: 'Tue, 14 Apr 2015 19:20:00 GMT',
30 silly registry.get     via: '1.1 varnish',
30 silly registry.get     age: '0',
30 silly registry.get     connection: 'keep-alive',
30 silly registry.get     'x-served-by': 'cache-ord1734-ORD',
30 silly registry.get     'x-cache': 'HIT',
30 silly registry.get     'x-cache-hits': '1',
30 silly registry.get     'x-timer': 'S1429039200.461621,VS0,VE40',
30 silly registry.get     vary: 'Accept' } ]
31 silly addNameRange number 2 { name: 'grunt-build-control', range: '*', hasData: true }
32 silly addNameRange versions [ 'grunt-build-control',
32 silly addNameRange   [ '0.0.1',
32 silly addNameRange     '0.1.0',
32 silly addNameRange     '0.1.1',
32 silly addNameRange     '0.1.2',
32 silly addNameRange     '0.1.3',
32 silly addNameRange     '0.1.4',
32 silly addNameRange     '0.1.5',
32 silly addNameRange     '0.1.6',
32 silly addNameRange     '0.1.7',
32 silly addNameRange     '0.1.8',
32 silly addNameRange     '0.2.0',
32 silly addNameRange     '0.2.1',
32 silly addNameRange     '0.2.2',
32 silly addNameRange     '0.3.0',
32 silly addNameRange     '0.4.0' ] ]
33 verbose addNamed [ 'grunt-build-control', '0.4.0' ]
34 verbose addNamed [ '0.4.0', '0.4.0' ]
35 silly lockFile ef896e55-grunt-build-control-0-4-0 grunt-build-control@0.4.0
36 verbose lock grunt-build-control@0.4.0 /Users/mikias/.npm/ef896e55-grunt-build-control-0-4-0.lock
37 silly lockFile cfc60ec4-ol-grunt-build-control-0-4-0-tgz http://registry.npmjs.org/grunt-build-control/-/grunt-build-control-0.4.0.tgz
38 verbose lock http://registry.npmjs.org/grunt-build-control/-/grunt-build-control-0.4.0.tgz /Users/mikias/.npm/cfc60ec4-ol-grunt-build-control-0-4-0-tgz.lock
39 verbose addRemoteTarball [ 'http://registry.npmjs.org/grunt-build-control/-/grunt-build-control-0.4.0.tgz',
39 verbose addRemoteTarball   '139cd8eaf380e89362f6bb43f9ea9fe128722778' ]
40 info retry fetch attempt 1 at 15:20:00
41 verbose fetch to= /var/folders/09/t3rk43_s7_b9wb_4wd30h0cc0000gn/T/npm-28009-_xP_enQ2/registry.npmjs.org/grunt-build-control/-/grunt-build-control-0.4.0.tgz
42 http GET http://registry.npmjs.org/grunt-build-control/-/grunt-build-control-0.4.0.tgz
43 http 200 http://registry.npmjs.org/grunt-build-control/-/grunt-build-control-0.4.0.tgz
44 silly lockFile cfc60ec4-ol-grunt-build-control-0-4-0-tgz http://registry.npmjs.org/grunt-build-control/-/grunt-build-control-0.4.0.tgz
45 silly lockFile cfc60ec4-ol-grunt-build-control-0-4-0-tgz http://registry.npmjs.org/grunt-build-control/-/grunt-build-control-0.4.0.tgz
46 silly lockFile ef896e55-grunt-build-control-0-4-0 grunt-build-control@0.4.0
47 silly lockFile ef896e55-grunt-build-control-0-4-0 grunt-build-control@0.4.0
48 silly lockFile 6fa7dc02-grunt-build-control grunt-build-control@
49 silly lockFile 6fa7dc02-grunt-build-control grunt-build-control@
50 error Error: EACCES, mkdir '/Users/mikias/.npm/grunt-build-control/0.4.0'
50 error  { [Error: EACCES, mkdir '/Users/mikias/.npm/grunt-build-control/0.4.0']
50 error   errno: 3,
50 error   code: 'EACCES',
50 error   path: '/Users/mikias/.npm/grunt-build-control/0.4.0',
50 error   parent: 'myTtc' }
51 error Please try running this command again as root/Administrator.
52 error System Darwin 13.4.0
53 error command "node" "/usr/local/bin/npm" "install" "grunt-build-control" "--save-dev"
54 error cwd /Users/mikias/projects/WORKS/maps
55 error node -v v0.10.33
56 error npm -v 1.4.28
57 error path /Users/mikias/.npm/grunt-build-control/0.4.0
58 error code EACCES
59 error errno 3
60 error stack Error: EACCES, mkdir '/Users/mikias/.npm/grunt-build-control/0.4.0'
61 verbose exit [ 3, true ]
